<?xml version="1.0" encoding="utf-8"?><testsuites name="pytest tests"><testsuite name="pytest" errors="0" failures="0" skipped="0" tests="10" time="815.773" timestamp="2026-05-20T19:11:37.284668+00:00" hostname="Nova"><testcase classname="tests.test_group_reviews" name="test_admin_can_create_review" time="64.056" /><testcase classname="tests.test_group_reviews" name="test_review_updates_property_rating" time="95.224" /><testcase classname="tests.test_group_reviews" name="test_group_reviews_shared_across_subproperties" time="125.524" /><testcase classname="tests.test_group_reviews" name="test_group_rating_synced_to_all_members" time="112.545" /><testcase classname="tests.test_group_reviews" name="test_admin_delete_review_recalculates_rating" time="84.923" /><testcase classname="tests.test_group_reviews" name="test_unauthenticated_cannot_create_review" time="2.783" /><testcase classname="tests.test_property_inheritance" name="test_property_inherits_from_whole_property" time="93.301" /><testcase classname="tests.test_property_inheritance" name="test_property_override_preserves_own_values" time="73.416" /><testcase classname="tests.test_property_inheritance" name="test_patch_override_flag" time="36.748" /><testcase classname="tests.test_admin_groups" name="test_group_lifecycle_and_constraints" time="127.076" /></testsuite></testsuites>