<?xml version="1.0" encoding="utf-8"?><testsuites name="pytest tests"><testsuite name="pytest" errors="0" failures="0" skipped="0" tests="3" time="343.669" timestamp="2026-05-21T06:32:04.036316+00:00" hostname="Nova"><testcase classname="tests.test_admin_groups" name="test_group_lifecycle_and_constraints" time="140.833" /><testcase classname="tests.test_group_reviews" name="test_admin_can_create_review" time="45.277" /><testcase classname="tests.test_group_reviews" name="test_review_updates_property_rating" time="68.962" /><testcase time="19.754" /></testsuite></testsuites>